<?xml version="1.0" encoding="UTF-8"?>
<!-- Generated by org.testng.reporters.JUnitReportReporter -->
<testsuite hostname="DESKTOP-FVSLPKP" failures="0" tests="2" name="com.capstone.AadharAdmin" time="15.776" errors="0" timestamp="2022-10-14T00:42:45 IST" skipped="0">
  <testcase classname="com.capstone.AadharAdmin" name="TestHome" time="14.496"/>
  <system-out/>
  <testcase classname="com.capstone.AadharAdmin" name="ChromeBrowser" time="1.280"/>
  <system-out/>
</testsuite> <!-- com.capstone.AadharAdmin -->
