<?xml version="1.0" encoding="UTF-8"?>
<!-- Generated by org.testng.reporters.JUnitReportReporter -->
<testsuite hostname="DESKTOP-FVSLPKP" failures="0" tests="2" name="com.capstone.AadharRegister" time="11.113" errors="0" timestamp="2022-10-14T00:42:45 IST" skipped="0">
  <testcase classname="com.capstone.AadharRegister" name="ChromeBrowser" time="1.719"/>
  <system-out/>
  <testcase classname="com.capstone.AadharRegister" name="TestHome" time="9.394"/>
  <system-out/>
</testsuite> <!-- com.capstone.AadharRegister -->
