<?xml version="1.0" encoding="UTF-8"?>
<!-- Generated by org.testng.reporters.JUnitReportReporter -->
<testsuite hostname="DESKTOP-FVSLPKP" failures="0" tests="2" name="com.capstone.AadharCitizen" time="13.454" errors="0" timestamp="2022-10-14T00:42:45 IST" skipped="0">
  <testcase classname="com.capstone.AadharCitizen" name="CitizenCheck" time="11.091"/>
  <system-out/>
  <testcase classname="com.capstone.AadharCitizen" name="ChromeBrowser" time="2.363"/>
  <system-out/>
</testsuite> <!-- com.capstone.AadharCitizen -->
